[0.085s] Invoking command in '/home/hesham/Pictures/newaction/build/examples_rclcpp_minimal_publisher': AMENT_PREFIX_PATH=/home/hesham/Pictures/newaction/install/examples_rclcpp_minimal_publisher:${AMENT_PREFIX_PATH} CMAKE_PREFIX_PATH=/home/hesham/Pictures/newaction/install/examples_rclcpp_minimal_publisher /usr/local/bin/ctest -C Release -D ExperimentalTest --no-compress-output -V --force-new-ctest-process
[0.089s] UpdateCTestConfiguration  from :/home/hesham/Pictures/newaction/build/examples_rclcpp_minimal_publisher/CTestConfiguration.ini
[0.089s] Parse Config file:/home/hesham/Pictures/newaction/build/examples_rclcpp_minimal_publisher/CTestConfiguration.ini
[0.089s]    Site: heshamwakeb
[0.089s]    Build name: (empty)
[0.089s]  Add coverage exclude regular expressions.
[0.089s] Create new tag: 20240805-0652 - Experimental
[0.089s] UpdateCTestConfiguration  from :/home/hesham/Pictures/newaction/build/examples_rclcpp_minimal_publisher/CTestConfiguration.ini
[0.090s] Parse Config file:/home/hesham/Pictures/newaction/build/examples_rclcpp_minimal_publisher/CTestConfiguration.ini
[0.090s] Test project /home/hesham/Pictures/newaction/build/examples_rclcpp_minimal_publisher
[0.090s] Constructing a list of tests
[0.090s] Done constructing a list of tests
[0.090s] Updating test list for fixtures
[0.090s] Added 0 tests to meet fixture requirements
[0.090s] Checking test dependency graph...
[0.091s] Checking test dependency graph end
[0.091s] test 1
[0.091s]     Start 1: examples_rclcpp_minimal_publisher_test_simple_publisher
[0.091s] 
[0.091s] 1: Test command: /usr/bin/python3 "-u" "/opt/ros/foxy/share/ament_cmake_test/cmake/run_test.py" "/home/hesham/Pictures/newaction/build/examples_rclcpp_minimal_publisher/test_results/examples_rclcpp_minimal_publisher/examples_rclcpp_minimal_publisher_test_simple_publisher.gtest.xml" "--package-name" "examples_rclcpp_minimal_publisher" "--output-file" "/home/hesham/Pictures/newaction/build/examples_rclcpp_minimal_publisher/ament_cmake_gtest/examples_rclcpp_minimal_publisher_test_simple_publisher.txt" "--command" "/home/hesham/Pictures/newaction/build/examples_rclcpp_minimal_publisher/examples_rclcpp_minimal_publisher_test_simple_publisher" "--gtest_output=xml:/home/hesham/Pictures/newaction/build/examples_rclcpp_minimal_publisher/test_results/examples_rclcpp_minimal_publisher/examples_rclcpp_minimal_publisher_test_simple_publisher.gtest.xml"
[0.091s] 1: Working Directory: /home/hesham/Pictures/newaction/build/examples_rclcpp_minimal_publisher
[0.091s] 1: Test timeout computed to be: 60
[0.124s] 1: -- run_test.py: invoking following command in '/home/hesham/Pictures/newaction/build/examples_rclcpp_minimal_publisher':
[0.124s] 1:  - /home/hesham/Pictures/newaction/build/examples_rclcpp_minimal_publisher/examples_rclcpp_minimal_publisher_test_simple_publisher --gtest_output=xml:/home/hesham/Pictures/newaction/build/examples_rclcpp_minimal_publisher/test_results/examples_rclcpp_minimal_publisher/examples_rclcpp_minimal_publisher_test_simple_publisher.gtest.xml
[0.128s] 1: [==========] Running 1 test from 1 test case.
[0.128s] 1: [----------] Global test environment set-up.
[0.129s] 1: [----------] 1 test from TestSimplePublisher
[0.129s] 1: [ RUN      ] TestSimplePublisher.TestPublishMessage
[0.157s] 1: /home/hesham/Pictures/newaction/src/minimal_publisher/test/test_simple_publisher.cpp:38: Failure
[0.157s] 1: Value of: received_
[0.158s] 1:   Actual: false
[0.158s] 1: Expected: true
[0.158s] 1: /home/hesham/Pictures/newaction/src/minimal_publisher/test/test_simple_publisher.cpp:39: Failure
[0.158s] 1: Expected equality of these values:
[0.158s] 1:   received_message_
[0.158s] 1:     Which is: ""
[0.158s] 1:   "Hello, ROS 2!"
[0.159s] 1: [  FAILED  ] TestSimplePublisher.TestPublishMessage (30 ms)
[0.159s] 1: [----------] 1 test from TestSimplePublisher (30 ms total)
[0.159s] 1: 
[0.159s] 1: [----------] Global test environment tear-down
[0.159s] 1: [==========] 1 test from 1 test case ran. (30 ms total)
[0.159s] 1: [  PASSED  ] 0 tests.
[0.159s] 1: [  FAILED  ] 1 test, listed below:
[0.159s] 1: [  FAILED  ] TestSimplePublisher.TestPublishMessage
[0.159s] 1: 
[0.159s] 1:  1 FAILED TEST
[0.160s] 1: -- run_test.py: return code 1
[0.160s] 1: -- run_test.py: inject classname prefix into gtest result file '/home/hesham/Pictures/newaction/build/examples_rclcpp_minimal_publisher/test_results/examples_rclcpp_minimal_publisher/examples_rclcpp_minimal_publisher_test_simple_publisher.gtest.xml'
[0.160s] 1: -- run_test.py: verify result file '/home/hesham/Pictures/newaction/build/examples_rclcpp_minimal_publisher/test_results/examples_rclcpp_minimal_publisher/examples_rclcpp_minimal_publisher_test_simple_publisher.gtest.xml'
[0.165s] 1/1 Test #1: examples_rclcpp_minimal_publisher_test_simple_publisher ...***Failed    0.08 sec
[0.166s] 
[0.166s] 0% tests passed[0;0m, [0;31m1 tests failed[0;0m out of 1
[0.166s] 
[0.166s] Label Time Summary:
[0.166s] gtest    =   0.08 sec*proc (1 test)
[0.166s] 
[0.166s] Total Test time (real) =   0.08 sec
[0.166s] 
[0.166s] The following tests FAILED:
[0.166s] 	[0;31m  1 - examples_rclcpp_minimal_publisher_test_simple_publisher (Failed)[0;0m
[0.186s] Errors while running CTest
[0.186s] Output from these tests are in: /home/hesham/Pictures/newaction/build/examples_rclcpp_minimal_publisher/Testing/Temporary/LastTest.log
[0.186s] Use "--rerun-failed --output-on-failure" to re-run the failed cases verbosely.
[0.188s] Invoked command in '/home/hesham/Pictures/newaction/build/examples_rclcpp_minimal_publisher' returned '8': AMENT_PREFIX_PATH=/home/hesham/Pictures/newaction/install/examples_rclcpp_minimal_publisher:${AMENT_PREFIX_PATH} CMAKE_PREFIX_PATH=/home/hesham/Pictures/newaction/install/examples_rclcpp_minimal_publisher /usr/local/bin/ctest -C Release -D ExperimentalTest --no-compress-output -V --force-new-ctest-process
