[0.062s] Invoking command in '/home/hesham/Pictures/newaction/build/examples_rclcpp_minimal_publisher': CMAKE_PREFIX_PATH=${CMAKE_PREFIX_PATH}:/opt/ros/foxy /usr/local/bin/cmake --build /home/hesham/Pictures/newaction/build/examples_rclcpp_minimal_publisher -- -j20 -l20
[0.084s] [ 44%] Built target gtest_main
[0.084s] [ 44%] Built target gtest
[0.084s] [ 55%] [32mBuilding CXX object CMakeFiles/publisher_member_function.dir/main.cpp.o[0m
[0.100s] [ 66%] [32mBuilding CXX object CMakeFiles/examples_rclcpp_minimal_publisher_test_simple_publisher.dir/test/test_simple_publisher.cpp.o[0m
[0.100s] [ 77%] [32mBuilding CXX object CMakeFiles/examples_rclcpp_minimal_publisher_test_simple_publisher.dir/member_function.cpp.o[0m
[1.230s] In file included from [01m[K/opt/ros/foxy/src/gtest_vendor/include/gtest/internal/gtest-internal.h:40[m[K,
[1.230s]                  from [01m[K/opt/ros/foxy/src/gtest_vendor/include/gtest/gtest.h:60[m[K,
[1.230s]                  from [01m[K/home/hesham/Pictures/newaction/src/minimal_publisher/test/test_simple_publisher.cpp:1[m[K:
[1.230s] [01m[K/opt/ros/foxy/src/gtest_vendor/include/gtest/internal/gtest-port.h:690:40:[m[K [01;31m[Kerror: [m[Kexpected unqualified-id before â€˜[01m[Kswitch[m[Kâ€™
[1.231s]   690 | # define GTEST_AMBIGUOUS_ELSE_BLOCKER_ [01;31m[Kswitch[m[K (0) case 0: default:  // NOLINT
[1.231s]       |                                        [01;31m[K^~~~~~[m[K
[1.231s] [01m[K/opt/ros/foxy/src/gtest_vendor/include/gtest/internal/gtest-internal.h:1366:3:[m[K [01;36m[Knote: [m[Kin expansion of macro â€˜[01m[KGTEST_AMBIGUOUS_ELSE_BLOCKER_[m[Kâ€™
[1.231s]  1366 |   [01;36m[KGTEST_AMBIGUOUS_ELSE_BLOCKER_[m[K \
[1.231s]       |   [01;36m[K^~~~~~~~~~~~~~~~~~~~~~~~~~~~~[m[K
[1.231s] [01m[K/opt/ros/foxy/src/gtest_vendor/include/gtest/gtest.h:1937:3:[m[K [01;36m[Knote: [m[Kin expansion of macro â€˜[01m[KGTEST_TEST_BOOLEAN_[m[Kâ€™
[1.231s]  1937 |   [01;36m[KGTEST_TEST_BOOLEAN_[m[K(condition, #condition, false, true, \
[1.231s]       |   [01;36m[K^~~~~~~~~~~~~~~~~~~[m[K
[1.231s] [01m[K/home/hesham/Pictures/newaction/src/minimal_publisher/test/test_simple_publisher.cpp:40:5:[m[K [01;36m[Knote: [m[Kin expansion of macro â€˜[01m[KEXPECT_TRUE[m[Kâ€™
[1.231s]    40 |     [01;36m[KEXPECT_TRUE[m[K(received_);
[1.231s]       |     [01;36m[K^~~~~~~~~~~[m[K
[1.231s] In file included from [01m[K/opt/ros/foxy/src/gtest_vendor/include/gtest/gtest.h:60[m[K,
[1.231s]                  from [01m[K/home/hesham/Pictures/newaction/src/minimal_publisher/test/test_simple_publisher.cpp:1[m[K:
[1.231s] [01m[K/opt/ros/foxy/src/gtest_vendor/include/gtest/internal/gtest-internal.h:1370:3:[m[K [01;31m[Kerror: [m[Kexpected unqualified-id before â€˜[01m[Kelse[m[Kâ€™
[1.231s]  1370 |   [01;31m[Kelse[m[K \
[1.231s]       |   [01;31m[K^~~~[m[K
[1.232s] [01m[K/opt/ros/foxy/src/gtest_vendor/include/gtest/gtest.h:1937:3:[m[K [01;36m[Knote: [m[Kin expansion of macro â€˜[01m[KGTEST_TEST_BOOLEAN_[m[Kâ€™
[1.232s]  1937 |   [01;36m[KGTEST_TEST_BOOLEAN_[m[K(condition, #condition, false, true, \
[1.232s]       |   [01;36m[K^~~~~~~~~~~~~~~~~~~[m[K
[1.232s] [01m[K/home/hesham/Pictures/newaction/src/minimal_publisher/test/test_simple_publisher.cpp:40:5:[m[K [01;36m[Knote: [m[Kin expansion of macro â€˜[01m[KEXPECT_TRUE[m[Kâ€™
[1.232s]    40 |     [01;36m[KEXPECT_TRUE[m[K(received_);
[1.232s]       |     [01;36m[K^~~~~~~~~~~[m[K
[1.232s] In file included from [01m[K/opt/ros/foxy/src/gtest_vendor/include/gtest/internal/gtest-internal.h:40[m[K,
[1.232s]                  from [01m[K/opt/ros/foxy/src/gtest_vendor/include/gtest/gtest.h:60[m[K,
[1.232s]                  from [01m[K/home/hesham/Pictures/newaction/src/minimal_publisher/test/test_simple_publisher.cpp:1[m[K:
[1.232s] [01m[K/opt/ros/foxy/src/gtest_vendor/include/gtest/internal/gtest-port.h:690:40:[m[K [01;31m[Kerror: [m[Kexpected unqualified-id before â€˜[01m[Kswitch[m[Kâ€™
[1.232s]   690 | # define GTEST_AMBIGUOUS_ELSE_BLOCKER_ [01;31m[Kswitch[m[K (0) case 0: default:  // NOLINT
[1.232s]       |                                        [01;31m[K^~~~~~[m[K
[1.232s] [01m[K/opt/ros/foxy/src/gtest_vendor/include/gtest/gtest_pred_impl.h:75:3:[m[K [01;36m[Knote: [m[Kin expansion of macro â€˜[01m[KGTEST_AMBIGUOUS_ELSE_BLOCKER_[m[Kâ€™
[1.232s]    75 |   [01;36m[KGTEST_AMBIGUOUS_ELSE_BLOCKER_[m[K \
[1.232s]       |   [01;36m[K^~~~~~~~~~~~~~~~~~~~~~~~~~~~~[m[K
[1.232s] [01m[K/opt/ros/foxy/src/gtest_vendor/include/gtest/gtest_pred_impl.h:146:3:[m[K [01;36m[Knote: [m[Kin expansion of macro â€˜[01m[KGTEST_ASSERT_[m[Kâ€™
[1.233s]   146 |   [01;36m[KGTEST_ASSERT_[m[K(pred_format(#v1, #v2, v1, v2), \
[1.233s]       |   [01;36m[K^~~~~~~~~~~~~[m[K
[1.233s] [01m[K/opt/ros/foxy/src/gtest_vendor/include/gtest/gtest_pred_impl.h:161:3:[m[K [01;36m[Knote: [m[Kin expansion of macro â€˜[01m[KGTEST_PRED_FORMAT2_[m[Kâ€™
[1.233s]   161 |   [01;36m[KGTEST_PRED_FORMAT2_[m[K(pred_format, v1, v2, GTEST_NONFATAL_FAILURE_)
[1.233s]       |   [01;36m[K^~~~~~~~~~~~~~~~~~~[m[K
[1.233s] [01m[K/opt/ros/foxy/src/gtest_vendor/include/gtest/gtest.h:1996:3:[m[K [01;36m[Knote: [m[Kin expansion of macro â€˜[01m[KEXPECT_PRED_FORMAT2[m[Kâ€™
[1.233s]  1996 |   [01;36m[KEXPECT_PRED_FORMAT2[m[K(::testing::internal:: \
[1.233s]       |   [01;36m[K^~~~~~~~~~~~~~~~~~~[m[K
[1.233s] [01m[K/home/hesham/Pictures/newaction/src/minimal_publisher/test/test_simple_publisher.cpp:41:5:[m[K [01;36m[Knote: [m[Kin expansion of macro â€˜[01m[KEXPECT_EQ[m[Kâ€™
[1.233s]    41 |     [01;36m[KEXPECT_EQ[m[K(received_message_, "Hello, ROS 1!");
[1.233s]       |     [01;36m[K^~~~~~~~~[m[K
[1.233s] In file included from [01m[K/opt/ros/foxy/src/gtest_vendor/include/gtest/gtest.h:384[m[K,
[1.233s]                  from [01m[K/home/hesham/Pictures/newaction/src/minimal_publisher/test/test_simple_publisher.cpp:1[m[K:
[1.233s] [01m[K/opt/ros/foxy/src/gtest_vendor/include/gtest/gtest_pred_impl.h:78:3:[m[K [01;31m[Kerror: [m[Kexpected unqualified-id before â€˜[01m[Kelse[m[Kâ€™
[1.233s]    78 |   [01;31m[Kelse[m[K \
[1.233s]       |   [01;31m[K^~~~[m[K
[1.234s] [01m[K/opt/ros/foxy/src/gtest_vendor/include/gtest/gtest_pred_impl.h:146:3:[m[K [01;36m[Knote: [m[Kin expansion of macro â€˜[01m[KGTEST_ASSERT_[m[Kâ€™
[1.234s]   146 |   [01;36m[KGTEST_ASSERT_[m[K(pred_format(#v1, #v2, v1, v2), \
[1.234s]       |   [01;36m[K^~~~~~~~~~~~~[m[K
[1.234s] [01m[K/opt/ros/foxy/src/gtest_vendor/include/gtest/gtest_pred_impl.h:161:3:[m[K [01;36m[Knote: [m[Kin expansion of macro â€˜[01m[KGTEST_PRED_FORMAT2_[m[Kâ€™
[1.234s]   161 |   [01;36m[KGTEST_PRED_FORMAT2_[m[K(pred_format, v1, v2, GTEST_NONFATAL_FAILURE_)
[1.234s]       |   [01;36m[K^~~~~~~~~~~~~~~~~~~[m[K
[1.234s] [01m[K/opt/ros/foxy/src/gtest_vendor/include/gtest/gtest.h:1996:3:[m[K [01;36m[Knote: [m[Kin expansion of macro â€˜[01m[KEXPECT_PRED_FORMAT2[m[Kâ€™
[1.234s]  1996 |   [01;36m[KEXPECT_PRED_FORMAT2[m[K(::testing::internal:: \
[1.234s]       |   [01;36m[K^~~~~~~~~~~~~~~~~~~[m[K
[1.234s] [01m[K/home/hesham/Pictures/newaction/src/minimal_publisher/test/test_simple_publisher.cpp:41:5:[m[K [01;36m[Knote: [m[Kin expansion of macro â€˜[01m[KEXPECT_EQ[m[Kâ€™
[1.234s]    41 |     [01;36m[KEXPECT_EQ[m[K(received_message_, "Hello, ROS 1!");
[1.234s]       |     [01;36m[K^~~~~~~~~[m[K
[1.234s] [01m[K/home/hesham/Pictures/newaction/src/minimal_publisher/test/test_simple_publisher.cpp:42:1:[m[K [01;31m[Kerror: [m[Kexpected declaration before â€˜[01m[K}[m[Kâ€™ token
[1.234s]    42 | [01;31m[K}[m[K
[1.234s]       | [01;31m[K^[m[K
[1.780s] [ 88%] [32m[1mLinking CXX executable publisher_member_function[0m
[1.865s] [ 88%] Built target publisher_member_function
[2.057s] make[2]: *** [CMakeFiles/examples_rclcpp_minimal_publisher_test_simple_publisher.dir/build.make:76: CMakeFiles/examples_rclcpp_minimal_publisher_test_simple_publisher.dir/test/test_simple_publisher.cpp.o] Error 1
[2.057s] make[1]: *** [CMakeFiles/Makefile2:184: CMakeFiles/examples_rclcpp_minimal_publisher_test_simple_publisher.dir/all] Error 2
[2.057s] make: *** [Makefile:146: all] Error 2
[2.060s] Invoked command in '/home/hesham/Pictures/newaction/build/examples_rclcpp_minimal_publisher' returned '2': CMAKE_PREFIX_PATH=${CMAKE_PREFIX_PATH}:/opt/ros/foxy /usr/local/bin/cmake --build /home/hesham/Pictures/newaction/build/examples_rclcpp_minimal_publisher -- -j20 -l20
