[0.038s] Invoking command in '/home/hesham/Pictures/newaction/build/examples_rclcpp_minimal_publisher': CMAKE_PREFIX_PATH=/opt/ros/foxy /usr/local/bin/cmake --build /home/hesham/Pictures/newaction/build/examples_rclcpp_minimal_publisher -- -j20 -l20
[0.061s] [ 25%] Built target gtest_main
[0.061s] [ 50%] Built target gtest
[0.062s] [ 75%] Built target publisher_member_function
[0.075s] [ 87%] [32mBuilding CXX object CMakeFiles/examples_rclcpp_minimal_publisher_test_simple_publisher.dir/test/test_simple_publisher.cpp.o[0m
[1.124s] [01m[K/home/hesham/Pictures/newaction/src/minimal_publisher/test/test_simple_publisher.cpp:[m[K In member function â€˜[01m[Kvirtual void TestSimplePublisher_TestPublishMessage_Test::TestBody()[m[Kâ€™:
[1.124s] [01m[K/home/hesham/Pictures/newaction/src/minimal_publisher/test/test_simple_publisher.cpp:32:34:[m[K [01;31m[Kerror: [m[Kâ€˜[01m[KMinimalPublisher[m[Kâ€™ was not declared in this scope; did you mean â€˜[01m[KTestSimplePublisher[m[Kâ€™?
[1.124s]    32 |     auto node = std::make_shared<[01;31m[KMinimalPublisher[m[K>();
[1.124s]       |                                  [01;31m[K^~~~~~~~~~~~~~~~[m[K
[1.124s]       |                                  [32m[KTestSimplePublisher[m[K
[1.124s] [01m[K/home/hesham/Pictures/newaction/src/minimal_publisher/test/test_simple_publisher.cpp:32:52:[m[K [01;31m[Kerror: [m[Kno matching function for call to â€˜[01m[Kmake_shared<<expression error> >()[m[Kâ€™
[1.124s]    32 |     auto node = std::make_shared<MinimalPublisher>([01;31m[K)[m[K;
[1.124s]       |                                                    [01;31m[K^[m[K
[1.124s] In file included from [01m[K/usr/include/c++/9/memory:81[m[K,
[1.124s]                  from [01m[K/opt/ros/foxy/src/gtest_vendor/include/gtest/gtest.h:56[m[K,
[1.124s]                  from [01m[K/home/hesham/Pictures/newaction/src/minimal_publisher/test/test_simple_publisher.cpp:1[m[K:
[1.124s] [01m[K/usr/include/c++/9/bits/shared_ptr.h:714:5:[m[K [01;36m[Knote: [m[Kcandidate: â€˜[01m[Ktemplate<class _Tp, class ... _Args> std::shared_ptr<_Tp> std::make_shared(_Args&& ...)[m[Kâ€™
[1.124s]   714 |     [01;36m[Kmake_shared[m[K(_Args&&... __args)
[1.125s]       |     [01;36m[K^~~~~~~~~~~[m[K
[1.125s] [01m[K/usr/include/c++/9/bits/shared_ptr.h:714:5:[m[K [01;36m[Knote: [m[K  template argument deduction/substitution failed:
[1.125s] [01m[K/home/hesham/Pictures/newaction/src/minimal_publisher/test/test_simple_publisher.cpp:32:52:[m[K [01;31m[Kerror: [m[Ktemplate argument 1 is invalid
[1.125s]    32 |     auto node = std::make_shared<MinimalPublisher>([01;31m[K)[m[K;
[1.125s]       |                                                    [01;31m[K^[m[K
[1.912s] make[2]: *** [CMakeFiles/examples_rclcpp_minimal_publisher_test_simple_publisher.dir/build.make:76: CMakeFiles/examples_rclcpp_minimal_publisher_test_simple_publisher.dir/test/test_simple_publisher.cpp.o] Error 1
[1.912s] make[1]: *** [CMakeFiles/Makefile2:184: CMakeFiles/examples_rclcpp_minimal_publisher_test_simple_publisher.dir/all] Error 2
[1.912s] make: *** [Makefile:146: all] Error 2
[1.915s] Invoked command in '/home/hesham/Pictures/newaction/build/examples_rclcpp_minimal_publisher' returned '2': CMAKE_PREFIX_PATH=/opt/ros/foxy /usr/local/bin/cmake --build /home/hesham/Pictures/newaction/build/examples_rclcpp_minimal_publisher -- -j20 -l20
