Start testing: Aug 04 16:49 EEST
----------------------------------------------------------
1/1 Testing: examples_rclcpp_minimal_publisher_test_simple_publisher
1/1 Test: examples_rclcpp_minimal_publisher_test_simple_publisher
Command: "/usr/bin/python3" "-u" "/opt/ros/foxy/share/ament_cmake_test/cmake/run_test.py" "/home/hesham/Pictures/newaction/build/examples_rclcpp_minimal_publisher/test_results/examples_rclcpp_minimal_publisher/examples_rclcpp_minimal_publisher_test_simple_publisher.gtest.xml" "--package-name" "examples_rclcpp_minimal_publisher" "--output-file" "/home/hesham/Pictures/newaction/build/examples_rclcpp_minimal_publisher/ament_cmake_gtest/examples_rclcpp_minimal_publisher_test_simple_publisher.txt" "--command" "/home/hesham/Pictures/newaction/build/examples_rclcpp_minimal_publisher/examples_rclcpp_minimal_publisher_test_simple_publisher" "--gtest_output=xml:/home/hesham/Pictures/newaction/build/examples_rclcpp_minimal_publisher/test_results/examples_rclcpp_minimal_publisher/examples_rclcpp_minimal_publisher_test_simple_publisher.gtest.xml"
Directory: /home/hesham/Pictures/newaction/build/examples_rclcpp_minimal_publisher
"examples_rclcpp_minimal_publisher_test_simple_publisher" start time: Aug 04 16:49 EEST
Output:
----------------------------------------------------------
-- run_test.py: invoking following command in '/home/hesham/Pictures/newaction/build/examples_rclcpp_minimal_publisher':
 - /home/hesham/Pictures/newaction/build/examples_rclcpp_minimal_publisher/examples_rclcpp_minimal_publisher_test_simple_publisher --gtest_output=xml:/home/hesham/Pictures/newaction/build/examples_rclcpp_minimal_publisher/test_results/examples_rclcpp_minimal_publisher/examples_rclcpp_minimal_publisher_test_simple_publisher.gtest.xml
[==========] Running 1 test from 1 test case.
[----------] Global test environment set-up.
[----------] 1 test from TestSimplePublisher
[ RUN      ] TestSimplePublisher.TestPublishMessage
[       OK ] TestSimplePublisher.TestPublishMessage (30 ms)
[----------] 1 test from TestSimplePublisher (30 ms total)

[----------] Global test environment tear-down
[==========] 1 test from 1 test case ran. (30 ms total)
[  PASSED  ] 1 test.
-- run_test.py: return code 0
-- run_test.py: inject classname prefix into gtest result file '/home/hesham/Pictures/newaction/build/examples_rclcpp_minimal_publisher/test_results/examples_rclcpp_minimal_publisher/examples_rclcpp_minimal_publisher_test_simple_publisher.gtest.xml'
-- run_test.py: verify result file '/home/hesham/Pictures/newaction/build/examples_rclcpp_minimal_publisher/test_results/examples_rclcpp_minimal_publisher/examples_rclcpp_minimal_publisher_test_simple_publisher.gtest.xml'
<end of output>
Test time =   0.08 sec
----------------------------------------------------------
Test Passed.
"examples_rclcpp_minimal_publisher_test_simple_publisher" end time: Aug 04 16:49 EEST
"examples_rclcpp_minimal_publisher_test_simple_publisher" time elapsed: 00:00:00
----------------------------------------------------------

End testing: Aug 04 16:49 EEST

gtest =   0.08 sec*proc

