[0.041s] Invoking command in '/home/hesham/Pictures/newaction/build/examples_rclcpp_minimal_publisher': CMAKE_PREFIX_PATH=/opt/ros/foxy /usr/local/bin/cmake --build /home/hesham/Pictures/newaction/build/examples_rclcpp_minimal_publisher -- -j20 -l20
[0.064s] [ 25%] Built target gtest_main
[0.064s] [ 50%] Built target gtest
[0.065s] [ 75%] Built target publisher_member_function
[0.079s] [ 87%] [32mBuilding CXX object CMakeFiles/examples_rclcpp_minimal_publisher_test_simple_publisher.dir/test/test_simple_publisher.cpp.o[0m
[1.103s] [01m[K/home/hesham/Pictures/newaction/src/minimal_publisher/test/test_simple_publisher.cpp:[m[K In member function â€˜[01m[Kvirtual void TestSimplePublisher_TestPublishMessage_Test::TestBody()[m[Kâ€™:
[1.103s] [01m[K/home/hesham/Pictures/newaction/src/minimal_publisher/test/test_simple_publisher.cpp:32:34:[m[K [01;31m[Kerror: [m[Kâ€˜[01m[KSimplePublisherNode[m[Kâ€™ was not declared in this scope
[1.103s]    32 |     auto node = std::make_shared<[01;31m[KSimplePublisherNode[m[K>();
[1.103s]       |                                  [01;31m[K^~~~~~~~~~~~~~~~~~~[m[K
[1.103s] [01m[K/home/hesham/Pictures/newaction/src/minimal_publisher/test/test_simple_publisher.cpp:32:55:[m[K [01;31m[Kerror: [m[Kno matching function for call to â€˜[01m[Kmake_shared<<expression error> >()[m[Kâ€™
[1.103s]    32 |     auto node = std::make_shared<SimplePublisherNode>([01;31m[K)[m[K;
[1.103s]       |                                                       [01;31m[K^[m[K
[1.103s] In file included from [01m[K/usr/include/c++/9/memory:81[m[K,
[1.103s]                  from [01m[K/opt/ros/foxy/src/gtest_vendor/include/gtest/gtest.h:56[m[K,
[1.103s]                  from [01m[K/home/hesham/Pictures/newaction/src/minimal_publisher/test/test_simple_publisher.cpp:1[m[K:
[1.103s] [01m[K/usr/include/c++/9/bits/shared_ptr.h:714:5:[m[K [01;36m[Knote: [m[Kcandidate: â€˜[01m[Ktemplate<class _Tp, class ... _Args> std::shared_ptr<_Tp> std::make_shared(_Args&& ...)[m[Kâ€™
[1.103s]   714 |     [01;36m[Kmake_shared[m[K(_Args&&... __args)
[1.103s]       |     [01;36m[K^~~~~~~~~~~[m[K
[1.103s] [01m[K/usr/include/c++/9/bits/shared_ptr.h:714:5:[m[K [01;36m[Knote: [m[K  template argument deduction/substitution failed:
[1.103s] [01m[K/home/hesham/Pictures/newaction/src/minimal_publisher/test/test_simple_publisher.cpp:32:55:[m[K [01;31m[Kerror: [m[Ktemplate argument 1 is invalid
[1.103s]    32 |     auto node = std::make_shared<SimplePublisherNode>([01;31m[K)[m[K;
[1.103s]       |                                                       [01;31m[K^[m[K
[1.104s] [01m[K/home/hesham/Pictures/newaction/src/minimal_publisher/test/test_simple_publisher.cpp:[m[K In function â€˜[01m[Kint main(int, char**)[m[Kâ€™:
[1.104s] [01m[K/home/hesham/Pictures/newaction/src/minimal_publisher/test/test_simple_publisher.cpp:42:14:[m[K [01;35m[Kwarning: [m[Kunused parameter â€˜[01m[Kargc[m[Kâ€™ [[01;35m[K-Wunused-parameter[m[K]
[1.104s]    42 | int main([01;35m[Kint argc[m[K, char **argv)
[1.104s]       |          [01;35m[K~~~~^~~~[m[K
[1.104s] [01m[K/home/hesham/Pictures/newaction/src/minimal_publisher/test/test_simple_publisher.cpp:42:27:[m[K [01;35m[Kwarning: [m[Kunused parameter â€˜[01m[Kargv[m[Kâ€™ [[01;35m[K-Wunused-parameter[m[K]
[1.104s]    42 | int main(int argc, [01;35m[Kchar **argv[m[K)
[1.104s]       |                    [01;35m[K~~~~~~~^~~~[m[K
[1.888s] make[2]: *** [CMakeFiles/examples_rclcpp_minimal_publisher_test_simple_publisher.dir/build.make:76: CMakeFiles/examples_rclcpp_minimal_publisher_test_simple_publisher.dir/test/test_simple_publisher.cpp.o] Error 1
[1.888s] make[1]: *** [CMakeFiles/Makefile2:184: CMakeFiles/examples_rclcpp_minimal_publisher_test_simple_publisher.dir/all] Error 2
[1.888s] make: *** [Makefile:146: all] Error 2
[1.891s] Invoked command in '/home/hesham/Pictures/newaction/build/examples_rclcpp_minimal_publisher' returned '2': CMAKE_PREFIX_PATH=/opt/ros/foxy /usr/local/bin/cmake --build /home/hesham/Pictures/newaction/build/examples_rclcpp_minimal_publisher -- -j20 -l20
