<?xml version="1.0" encoding="UTF-8"?>
<testsuites tests="1" failures="1" disabled="0" errors="0" timestamp="2024-08-05T11:25:40" time="0.02" name="AllTests">
  <testsuite name="TestSimplePublisher" tests="1" failures="1" disabled="0" errors="0" time="0.02">
    <testcase name="TestPublishMessage" status="run" time="0.02" classname="minimal_publisher.TestSimplePublisher">
      <failure message="/home/hesham/Pictures/newaction/src/minimal_publisher/test/test_simple_publisher.cpp:38&#x0A;Expected equality of these values:&#x0A;  received_message_&#x0A;    Which is: &quot;Hello, ROS 2!&quot;&#x0A;  &quot;Hello, ROS 1!&quot;" type=""><![CDATA[/home/hesham/Pictures/newaction/src/minimal_publisher/test/test_simple_publisher.cpp:38
Expected equality of these values:
  received_message_
    Which is: "Hello, ROS 2!"
  "Hello, ROS 1!"]]></failure>
    </testcase>
  </testsuite>
</testsuites>
