[0.055s] Invoking command in '/home/hesham/Pictures/newaction/build/examples_rclcpp_minimal_publisher': /usr/local/bin/ctest -C Release -D ExperimentalTest --no-compress-output -V --force-new-ctest-process
[0.057s] UpdateCTestConfiguration  from :/home/hesham/Pictures/newaction/build/examples_rclcpp_minimal_publisher/CTestConfiguration.ini
[0.057s] Parse Config file:/home/hesham/Pictures/newaction/build/examples_rclcpp_minimal_publisher/CTestConfiguration.ini
[0.057s]    Site: heshamwakeb
[0.057s]    Build name: (empty)
[0.057s]  Add coverage exclude regular expressions.
[0.057s] Create new tag: 20240805-0727 - Experimental
[0.057s] UpdateCTestConfiguration  from :/home/hesham/Pictures/newaction/build/examples_rclcpp_minimal_publisher/CTestConfiguration.ini
[0.057s] Parse Config file:/home/hesham/Pictures/newaction/build/examples_rclcpp_minimal_publisher/CTestConfiguration.ini
[0.058s] Test project /home/hesham/Pictures/newaction/build/examples_rclcpp_minimal_publisher
[0.058s] Constructing a list of tests
[0.058s] Done constructing a list of tests
[0.058s] Updating test list for fixtures
[0.058s] Added 0 tests to meet fixture requirements
[0.058s] Checking test dependency graph...
[0.058s] Checking test dependency graph end
[0.058s] test 1
[0.058s]     Start 1: examples_rclcpp_minimal_publisher_test_simple_publisher
[0.058s] 
[0.058s] 1: Test command: /usr/bin/python3 "-u" "/opt/ros/foxy/share/ament_cmake_test/cmake/run_test.py" "/home/hesham/Pictures/newaction/build/examples_rclcpp_minimal_publisher/test_results/examples_rclcpp_minimal_publisher/examples_rclcpp_minimal_publisher_test_simple_publisher.gtest.xml" "--package-name" "examples_rclcpp_minimal_publisher" "--output-file" "/home/hesham/Pictures/newaction/build/examples_rclcpp_minimal_publisher/ament_cmake_gtest/examples_rclcpp_minimal_publisher_test_simple_publisher.txt" "--command" "/home/hesham/Pictures/newaction/build/examples_rclcpp_minimal_publisher/examples_rclcpp_minimal_publisher_test_simple_publisher" "--gtest_output=xml:/home/hesham/Pictures/newaction/build/examples_rclcpp_minimal_publisher/test_results/examples_rclcpp_minimal_publisher/examples_rclcpp_minimal_publisher_test_simple_publisher.gtest.xml"
[0.058s] 1: Working Directory: /home/hesham/Pictures/newaction/build/examples_rclcpp_minimal_publisher
[0.058s] 1: Test timeout computed to be: 60
[0.089s] 1: -- run_test.py: invoking following command in '/home/hesham/Pictures/newaction/build/examples_rclcpp_minimal_publisher':
[0.089s] 1:  - /home/hesham/Pictures/newaction/build/examples_rclcpp_minimal_publisher/examples_rclcpp_minimal_publisher_test_simple_publisher --gtest_output=xml:/home/hesham/Pictures/newaction/build/examples_rclcpp_minimal_publisher/test_results/examples_rclcpp_minimal_publisher/examples_rclcpp_minimal_publisher_test_simple_publisher.gtest.xml
[0.092s] 1: [==========] Running 1 test from 1 test case.
[0.092s] 1: [----------] Global test environment set-up.
[0.092s] 1: [----------] 1 test from TestSimplePublisher
[0.092s] 1: [ RUN      ] TestSimplePublisher.TestPublishMessage
[0.108s] 1: here
[1.109s] 1: /home/hesham/Pictures/newaction/src/minimal_publisher/test/test_simple_publisher.cpp:39: Failure
[1.109s] 1: Value of: received_
[1.109s] 1:   Actual: false
[1.109s] 1: Expected: true
[1.109s] 1: /home/hesham/Pictures/newaction/src/minimal_publisher/test/test_simple_publisher.cpp:40: Failure
[1.109s] 1: Expected equality of these values:
[1.109s] 1:   received_message_
[1.109s] 1:     Which is: ""
[1.109s] 1:   "Hello, ROS 2!"
[1.112s] 1: [  FAILED  ] TestSimplePublisher.TestPublishMessage (1020 ms)
[1.112s] 1: [----------] 1 test from TestSimplePublisher (1020 ms total)
[1.112s] 1: 
[1.112s] 1: [----------] Global test environment tear-down
[1.112s] 1: [==========] 1 test from 1 test case ran. (1020 ms total)
[1.112s] 1: [  PASSED  ] 0 tests.
[1.112s] 1: [  FAILED  ] 1 test, listed below:
[1.112s] 1: [  FAILED  ] TestSimplePublisher.TestPublishMessage
[1.112s] 1: 
[1.112s] 1:  1 FAILED TEST
[1.113s] 1: -- run_test.py: return code 1
[1.113s] 1: -- run_test.py: inject classname prefix into gtest result file '/home/hesham/Pictures/newaction/build/examples_rclcpp_minimal_publisher/test_results/examples_rclcpp_minimal_publisher/examples_rclcpp_minimal_publisher_test_simple_publisher.gtest.xml'
[1.120s] 1: -- run_test.py: verify result file '/home/hesham/Pictures/newaction/build/examples_rclcpp_minimal_publisher/test_results/examples_rclcpp_minimal_publisher/examples_rclcpp_minimal_publisher_test_simple_publisher.gtest.xml'
[1.126s] 1/1 Test #1: examples_rclcpp_minimal_publisher_test_simple_publisher ...***Failed    1.07 sec
[1.126s] 
[1.126s] 0% tests passed[0;0m, [0;31m1 tests failed[0;0m out of 1
[1.126s] 
[1.126s] Label Time Summary:
[1.127s] gtest    =   1.07 sec*proc (1 test)
[1.127s] 
[1.127s] Total Test time (real) =   1.07 sec
[1.127s] 
[1.127s] The following tests FAILED:
[1.127s] 	[0;31m  1 - examples_rclcpp_minimal_publisher_test_simple_publisher (Failed)[0;0m
[1.145s] Errors while running CTest
[1.145s] Output from these tests are in: /home/hesham/Pictures/newaction/build/examples_rclcpp_minimal_publisher/Testing/Temporary/LastTest.log
[1.145s] Use "--rerun-failed --output-on-failure" to re-run the failed cases verbosely.
[1.146s] Invoked command in '/home/hesham/Pictures/newaction/build/examples_rclcpp_minimal_publisher' returned '8': /usr/local/bin/ctest -C Release -D ExperimentalTest --no-compress-output -V --force-new-ctest-process
