[33mCMake Warning (dev) at /opt/ros/foxy/share/ament_cmake_core/cmake/core/python.cmake:22 (find_package):
  Policy CMP0148 is not set: The FindPythonInterp and FindPythonLibs modules
  are removed.  Run "cmake --help-policy CMP0148" for policy details.  Use
  the cmake_policy command to set the policy and suppress this warning.

Call Stack (most recent call first):
  /opt/ros/foxy/share/ament_cmake_core/cmake/core/all.cmake:53 (include)
  /opt/ros/foxy/share/ament_cmake_core/cmake/ament_cmake_core-extras.cmake:17 (include)
  /opt/ros/foxy/share/ament_cmake_core/cmake/ament_cmake_coreConfig.cmake:41 (include)
  /opt/ros/foxy/share/ament_cmake/cmake/ament_cmake_export_dependencies-extras.cmake:15 (find_package)
  /opt/ros/foxy/share/ament_cmake/cmake/ament_cmakeConfig.cmake:41 (include)
  CMakeLists.txt:14 (find_package)
This warning is for project developers.  Use -Wno-dev to suppress it.
[0m
[0mCMake Deprecation Warning at /opt/ros/foxy/src/gtest_vendor/CMakeLists.txt:2 (cmake_minimum_required):
  Compatibility with CMake < 3.5 will be removed from a future version of
  CMake.

  Update the VERSION argument <min> value or use a ...<max> suffix to tell
  CMake that the project does not need compatibility with older versions.

[0m
/usr/bin/ld: CMakeFiles/examples_rclcpp_minimal_publisher_test_simple_publisher.dir/member_function.cpp.o: in function `main':
member_function.cpp:(.text+0x122): multiple definition of `main'; CMakeFiles/examples_rclcpp_minimal_publisher_test_simple_publisher.dir/test/test_simple_publisher.cpp.o:test_simple_publisher.cpp:(.text+0x3a9): first defined here
collect2: error: ld returned 1 exit status
make[2]: *** [CMakeFiles/examples_rclcpp_minimal_publisher_test_simple_publisher.dir/build.make:162: examples_rclcpp_minimal_publisher_test_simple_publisher] Error 1
make[1]: *** [CMakeFiles/Makefile2:184: CMakeFiles/examples_rclcpp_minimal_publisher_test_simple_publisher.dir/all] Error 2
make: *** [Makefile:146: all] Error 2
