[0.039s] Invoking command in '/home/hesham/Pictures/newaction/build/examples_rclcpp_minimal_publisher': CMAKE_PREFIX_PATH=/opt/ros/foxy /usr/local/bin/cmake --build /home/hesham/Pictures/newaction/build/examples_rclcpp_minimal_publisher -- -j20 -l20
[0.060s] -- Found ament_cmake: 0.9.12 (/opt/ros/foxy/share/ament_cmake/cmake)
[0.063s] [33mCMake Warning (dev) at /opt/ros/foxy/share/ament_cmake_core/cmake/core/python.cmake:22 (find_package):
[0.063s]   Policy CMP0148 is not set: The FindPythonInterp and FindPythonLibs modules
[0.063s]   are removed.  Run "cmake --help-policy CMP0148" for policy details.  Use
[0.063s]   the cmake_policy command to set the policy and suppress this warning.
[0.063s] 
[0.063s] Call Stack (most recent call first):
[0.063s]   /opt/ros/foxy/share/ament_cmake_core/cmake/core/all.cmake:53 (include)
[0.063s]   /opt/ros/foxy/share/ament_cmake_core/cmake/ament_cmake_core-extras.cmake:17 (include)
[0.063s]   /opt/ros/foxy/share/ament_cmake_core/cmake/ament_cmake_coreConfig.cmake:41 (include)
[0.063s]   /opt/ros/foxy/share/ament_cmake/cmake/ament_cmake_export_dependencies-extras.cmake:15 (find_package)
[0.063s]   /opt/ros/foxy/share/ament_cmake/cmake/ament_cmakeConfig.cmake:41 (include)
[0.063s]   CMakeLists.txt:14 (find_package)
[0.063s] This warning is for project developers.  Use -Wno-dev to suppress it.
[0.063s] [0m
[0.078s] -- Using PYTHON_EXECUTABLE: /usr/bin/python3
[0.273s] -- Found rclcpp: 2.4.3 (/opt/ros/foxy/share/rclcpp/cmake)
[0.344s] -- Using all available rosidl_typesupport_c: rosidl_typesupport_fastrtps_c;rosidl_typesupport_introspection_c
[0.353s] -- Found rosidl_adapter: 1.3.1 (/opt/ros/foxy/share/rosidl_adapter/cmake)
[0.573s] -- Using all available rosidl_typesupport_cpp: rosidl_typesupport_fastrtps_cpp;rosidl_typesupport_introspection_cpp
[0.696s] -- Found rmw_implementation_cmake: 1.0.4 (/opt/ros/foxy/share/rmw_implementation_cmake/cmake)
[0.699s] -- Using RMW implementation 'rmw_fastrtps_cpp' as default
[1.059s] -- Found ament_cmake_gtest: 0.9.12 (/opt/ros/foxy/share/ament_cmake_gtest/cmake)
[1.060s] -- Found gtest sources under '/opt/ros/foxy/src/gtest_vendor': C++ tests using 'Google Test' will be built
[1.061s] [0mCMake Deprecation Warning at /opt/ros/foxy/src/gtest_vendor/CMakeLists.txt:2 (cmake_minimum_required):
[1.061s]   Compatibility with CMake < 3.5 will be removed from a future version of
[1.061s]   CMake.
[1.061s] 
[1.061s]   Update the VERSION argument <min> value or use a ...<max> suffix to tell
[1.061s]   CMake that the project does not need compatibility with older versions.
[1.061s] 
[1.061s] [0m
[1.105s] -- Configuring done (1.1s)
[1.125s] -- Generating done (0.0s)
[1.127s] -- Build files have been written to: /home/hesham/Pictures/newaction/build/examples_rclcpp_minimal_publisher
[1.147s] [ 22%] Built target gtest_main
[1.148s] [ 44%] Built target gtest
[1.150s] [ 66%] Built target publisher_member_function
[1.164s] [ 77%] [32m[1mLinking CXX executable examples_rclcpp_minimal_publisher_test_simple_publisher[0m
[1.339s] /usr/bin/ld: CMakeFiles/examples_rclcpp_minimal_publisher_test_simple_publisher.dir/member_function.cpp.o: in function `main':
[1.339s] member_function.cpp:(.text+0x122): multiple definition of `main'; CMakeFiles/examples_rclcpp_minimal_publisher_test_simple_publisher.dir/test/test_simple_publisher.cpp.o:test_simple_publisher.cpp:(.text+0x3a9): first defined here
[1.348s] collect2: error: ld returned 1 exit status
[1.349s] make[2]: *** [CMakeFiles/examples_rclcpp_minimal_publisher_test_simple_publisher.dir/build.make:162: examples_rclcpp_minimal_publisher_test_simple_publisher] Error 1
[1.349s] make[1]: *** [CMakeFiles/Makefile2:184: CMakeFiles/examples_rclcpp_minimal_publisher_test_simple_publisher.dir/all] Error 2
[1.349s] make: *** [Makefile:146: all] Error 2
[1.351s] Invoked command in '/home/hesham/Pictures/newaction/build/examples_rclcpp_minimal_publisher' returned '2': CMAKE_PREFIX_PATH=/opt/ros/foxy /usr/local/bin/cmake --build /home/hesham/Pictures/newaction/build/examples_rclcpp_minimal_publisher -- -j20 -l20
