[0.040s] Invoking command in '/home/hesham/Pictures/newaction/build/examples_rclcpp_minimal_publisher': CMAKE_PREFIX_PATH=/opt/ros/foxy /usr/local/bin/cmake /home/hesham/Pictures/newaction/src/minimal_publisher -DCMAKE_INSTALL_PREFIX=/home/hesham/Pictures/newaction/install/examples_rclcpp_minimal_publisher
[0.055s] -- Found ament_cmake: 0.9.12 (/opt/ros/foxy/share/ament_cmake/cmake)
[0.058s] [33mCMake Warning (dev) at /opt/ros/foxy/share/ament_cmake_core/cmake/core/python.cmake:22 (find_package):
[0.058s]   Policy CMP0148 is not set: The FindPythonInterp and FindPythonLibs modules
[0.059s]   are removed.  Run "cmake --help-policy CMP0148" for policy details.  Use
[0.059s]   the cmake_policy command to set the policy and suppress this warning.
[0.059s] 
[0.059s] Call Stack (most recent call first):
[0.059s]   /opt/ros/foxy/share/ament_cmake_core/cmake/core/all.cmake:53 (include)
[0.059s]   /opt/ros/foxy/share/ament_cmake_core/cmake/ament_cmake_core-extras.cmake:17 (include)
[0.059s]   /opt/ros/foxy/share/ament_cmake_core/cmake/ament_cmake_coreConfig.cmake:41 (include)
[0.059s]   /opt/ros/foxy/share/ament_cmake/cmake/ament_cmake_export_dependencies-extras.cmake:15 (find_package)
[0.059s]   /opt/ros/foxy/share/ament_cmake/cmake/ament_cmakeConfig.cmake:41 (include)
[0.059s]   CMakeLists.txt:14 (find_package)
[0.059s] This warning is for project developers.  Use -Wno-dev to suppress it.
[0.059s] [0m
[0.073s] -- Using PYTHON_EXECUTABLE: /usr/bin/python3
[0.253s] -- Found rclcpp: 2.4.3 (/opt/ros/foxy/share/rclcpp/cmake)
[0.317s] -- Using all available rosidl_typesupport_c: rosidl_typesupport_fastrtps_c;rosidl_typesupport_introspection_c
[0.326s] -- Found rosidl_adapter: 1.3.1 (/opt/ros/foxy/share/rosidl_adapter/cmake)
[0.547s] -- Using all available rosidl_typesupport_cpp: rosidl_typesupport_fastrtps_cpp;rosidl_typesupport_introspection_cpp
[0.665s] -- Found rmw_implementation_cmake: 1.0.4 (/opt/ros/foxy/share/rmw_implementation_cmake/cmake)
[0.668s] -- Using RMW implementation 'rmw_fastrtps_cpp' as default
[1.026s] -- Found ament_cmake_gtest: 0.9.12 (/opt/ros/foxy/share/ament_cmake_gtest/cmake)
[1.028s] -- Found gtest sources under '/opt/ros/foxy/src/gtest_vendor': C++ tests using 'Google Test' will be built
[1.029s] [0mCMake Deprecation Warning at /opt/ros/foxy/src/gtest_vendor/CMakeLists.txt:2 (cmake_minimum_required):
[1.029s]   Compatibility with CMake < 3.5 will be removed from a future version of
[1.029s]   CMake.
[1.029s] 
[1.029s]   Update the VERSION argument <min> value or use a ...<max> suffix to tell
[1.029s]   CMake that the project does not need compatibility with older versions.
[1.029s] 
[1.029s] [0m
[1.031s] -- Check if compiler accepts -pthread
[1.090s] -- Check if compiler accepts -pthread - yes
[1.132s] -- Configuring done (1.1s)
[1.149s] -- Generating done (0.0s)
[1.151s] -- Build files have been written to: /home/hesham/Pictures/newaction/build/examples_rclcpp_minimal_publisher
[1.158s] Invoked command in '/home/hesham/Pictures/newaction/build/examples_rclcpp_minimal_publisher' returned '0': CMAKE_PREFIX_PATH=/opt/ros/foxy /usr/local/bin/cmake /home/hesham/Pictures/newaction/src/minimal_publisher -DCMAKE_INSTALL_PREFIX=/home/hesham/Pictures/newaction/install/examples_rclcpp_minimal_publisher
[1.159s] Invoking command in '/home/hesham/Pictures/newaction/build/examples_rclcpp_minimal_publisher': CMAKE_PREFIX_PATH=/opt/ros/foxy /usr/local/bin/cmake --build /home/hesham/Pictures/newaction/build/examples_rclcpp_minimal_publisher -- -j20 -l20
[1.179s] [ 12%] [32mBuilding CXX object CMakeFiles/publisher_member_function.dir/member_function.cpp.o[0m
[1.180s] [ 25%] [32mBuilding CXX object gtest/CMakeFiles/gtest.dir/src/gtest-all.cc.o[0m
[1.180s] [ 37%] [32mBuilding CXX object gtest/CMakeFiles/gtest_main.dir/src/gtest_main.cc.o[0m
[1.835s] [ 50%] [32m[1mLinking CXX static library libgtest_main.a[0m
[2.060s] [ 50%] Built target gtest_main
[3.041s] [ 62%] [32m[1mLinking CXX executable publisher_member_function[0m
[3.147s] [ 62%] Built target publisher_member_function
[3.270s] [ 75%] [32m[1mLinking CXX static library libgtest.a[0m
[3.326s] [ 75%] Built target gtest
[3.334s] [ 87%] [32mBuilding CXX object CMakeFiles/examples_rclcpp_minimal_publisher_test_simple_publisher.dir/test/test_simple_publisher.cpp.o[0m
[4.376s] [01m[K/home/hesham/Pictures/newaction/src/minimal_publisher/test/test_simple_publisher.cpp:[m[K In member function â€˜[01m[Kvirtual void TestSimplePublisher_TestPublishMessage_Test::TestBody()[m[Kâ€™:
[4.376s] [01m[K/home/hesham/Pictures/newaction/src/minimal_publisher/test/test_simple_publisher.cpp:32:34:[m[K [01;31m[Kerror: [m[Kâ€˜[01m[KMinimalPublisher[m[Kâ€™ was not declared in this scope; did you mean â€˜[01m[KTestSimplePublisher[m[Kâ€™?
[4.376s]    32 |     auto node = std::make_shared<[01;31m[KMinimalPublisher[m[K>();
[4.376s]       |                                  [01;31m[K^~~~~~~~~~~~~~~~[m[K
[4.376s]       |                                  [32m[KTestSimplePublisher[m[K
[4.376s] [01m[K/home/hesham/Pictures/newaction/src/minimal_publisher/test/test_simple_publisher.cpp:32:52:[m[K [01;31m[Kerror: [m[Kno matching function for call to â€˜[01m[Kmake_shared<<expression error> >()[m[Kâ€™
[4.376s]    32 |     auto node = std::make_shared<MinimalPublisher>([01;31m[K)[m[K;
[4.376s]       |                                                    [01;31m[K^[m[K
[4.376s] In file included from [01m[K/usr/include/c++/9/memory:81[m[K,
[4.376s]                  from [01m[K/opt/ros/foxy/src/gtest_vendor/include/gtest/gtest.h:56[m[K,
[4.376s]                  from [01m[K/home/hesham/Pictures/newaction/src/minimal_publisher/test/test_simple_publisher.cpp:1[m[K:
[4.376s] [01m[K/usr/include/c++/9/bits/shared_ptr.h:714:5:[m[K [01;36m[Knote: [m[Kcandidate: â€˜[01m[Ktemplate<class _Tp, class ... _Args> std::shared_ptr<_Tp> std::make_shared(_Args&& ...)[m[Kâ€™
[4.376s]   714 |     [01;36m[Kmake_shared[m[K(_Args&&... __args)
[4.376s]       |     [01;36m[K^~~~~~~~~~~[m[K
[4.376s] [01m[K/usr/include/c++/9/bits/shared_ptr.h:714:5:[m[K [01;36m[Knote: [m[K  template argument deduction/substitution failed:
[4.376s] [01m[K/home/hesham/Pictures/newaction/src/minimal_publisher/test/test_simple_publisher.cpp:32:52:[m[K [01;31m[Kerror: [m[Ktemplate argument 1 is invalid
[4.376s]    32 |     auto node = std::make_shared<MinimalPublisher>([01;31m[K)[m[K;
[4.376s]       |                                                    [01;31m[K^[m[K
[5.151s] make[2]: *** [CMakeFiles/examples_rclcpp_minimal_publisher_test_simple_publisher.dir/build.make:76: CMakeFiles/examples_rclcpp_minimal_publisher_test_simple_publisher.dir/test/test_simple_publisher.cpp.o] Error 1
[5.151s] make[1]: *** [CMakeFiles/Makefile2:184: CMakeFiles/examples_rclcpp_minimal_publisher_test_simple_publisher.dir/all] Error 2
[5.151s] make: *** [Makefile:146: all] Error 2
[5.154s] Invoked command in '/home/hesham/Pictures/newaction/build/examples_rclcpp_minimal_publisher' returned '2': CMAKE_PREFIX_PATH=/opt/ros/foxy /usr/local/bin/cmake --build /home/hesham/Pictures/newaction/build/examples_rclcpp_minimal_publisher -- -j20 -l20
