[0.059s] Invoking command in '/home/hesham/Pictures/newaction/build/minimal_publisher': CMAKE_PREFIX_PATH=${CMAKE_PREFIX_PATH}:/opt/ros/foxy /usr/local/bin/cmake /home/hesham/Pictures/newaction/src/minimal_publisher -DCMAKE_INSTALL_PREFIX=/home/hesham/Pictures/newaction/install/minimal_publisher
[0.105s] -- The C compiler identification is GNU 8.4.0
[0.159s] -- The CXX compiler identification is GNU 9.4.0
[0.182s] -- Detecting C compiler ABI info
[0.231s] -- Detecting C compiler ABI info - done
[0.259s] -- Check for working C compiler: /usr/bin/cc - skipped
[0.260s] -- Detecting C compile features
[0.261s] -- Detecting C compile features - done
[0.273s] -- Detecting CXX compiler ABI info
[0.328s] -- Detecting CXX compiler ABI info - done
[0.357s] -- Check for working CXX compiler: /usr/bin/c++ - skipped
[0.358s] -- Detecting CXX compile features
[0.359s] -- Detecting CXX compile features - done
[0.361s] -- Found ament_cmake: 0.9.12 (/opt/ros/foxy/share/ament_cmake/cmake)
[0.367s] [33mCMake Warning (dev) at /opt/ros/foxy/share/ament_cmake_core/cmake/core/python.cmake:22 (find_package):
[0.367s]   Policy CMP0148 is not set: The FindPythonInterp and FindPythonLibs modules
[0.367s]   are removed.  Run "cmake --help-policy CMP0148" for policy details.  Use
[0.367s]   the cmake_policy command to set the policy and suppress this warning.
[0.367s] 
[0.367s] Call Stack (most recent call first):
[0.367s]   /opt/ros/foxy/share/ament_cmake_core/cmake/core/all.cmake:53 (include)
[0.367s]   /opt/ros/foxy/share/ament_cmake_core/cmake/ament_cmake_core-extras.cmake:17 (include)
[0.367s]   /opt/ros/foxy/share/ament_cmake_core/cmake/ament_cmake_coreConfig.cmake:41 (include)
[0.367s]   /opt/ros/foxy/share/ament_cmake/cmake/ament_cmake_export_dependencies-extras.cmake:15 (find_package)
[0.367s]   /opt/ros/foxy/share/ament_cmake/cmake/ament_cmakeConfig.cmake:41 (include)
[0.367s]   CMakeLists.txt:5 (find_package)
[0.367s] This warning is for project developers.  Use -Wno-dev to suppress it.
[0.367s] [0m
[0.382s] -- Found PythonInterp: /usr/bin/python3 (found suitable version "3.8.10", minimum required is "3") 
[0.382s] -- Using PYTHON_EXECUTABLE: /usr/bin/python3
[0.581s] -- Found rclcpp: 2.4.3 (/opt/ros/foxy/share/rclcpp/cmake)
[0.654s] -- Using all available rosidl_typesupport_c: rosidl_typesupport_fastrtps_c;rosidl_typesupport_introspection_c
[0.670s] -- Found rosidl_adapter: 1.3.1 (/opt/ros/foxy/share/rosidl_adapter/cmake)
[0.748s] -- Found OpenSSL: /usr/lib/x86_64-linux-gnu/libcrypto.so (found version "1.1.1f")  
[0.794s] -- Found FastRTPS: /opt/ros/foxy/include  
[0.939s] -- Using all available rosidl_typesupport_cpp: rosidl_typesupport_fastrtps_cpp;rosidl_typesupport_introspection_cpp
[1.061s] -- Found rmw_implementation_cmake: 1.0.4 (/opt/ros/foxy/share/rmw_implementation_cmake/cmake)
[1.064s] -- Using RMW implementation 'rmw_fastrtps_cpp' as default
[1.066s] -- Performing Test CMAKE_HAVE_LIBC_PTHREAD
[1.113s] -- Performing Test CMAKE_HAVE_LIBC_PTHREAD - Failed
[1.113s] -- Looking for pthread_create in pthreads
[1.153s] -- Looking for pthread_create in pthreads - not found
[1.153s] -- Looking for pthread_create in pthread
[1.198s] -- Looking for pthread_create in pthread - found
[1.201s] -- Found Threads: TRUE  
[1.557s] -- Found ament_cmake_gtest: 0.9.12 (/opt/ros/foxy/share/ament_cmake_gtest/cmake)
[1.561s] -- Found gtest sources under '/opt/ros/foxy/src/gtest_vendor': C++ tests using 'Google Test' will be built
[1.562s] [0mCMake Deprecation Warning at /opt/ros/foxy/src/gtest_vendor/CMakeLists.txt:2 (cmake_minimum_required):
[1.562s]   Compatibility with CMake < 3.5 will be removed from a future version of
[1.562s]   CMake.
[1.562s] 
[1.562s]   Update the VERSION argument <min> value or use a ...<max> suffix to tell
[1.562s]   CMake that the project does not need compatibility with older versions.
[1.562s] 
[1.562s] [0m
[1.564s] -- Check if compiler accepts -pthread
[1.611s] -- Check if compiler accepts -pthread - yes
[1.655s] -- Configuring done (1.6s)
[1.674s] -- Generating done (0.0s)
[1.676s] -- Build files have been written to: /home/hesham/Pictures/newaction/build/minimal_publisher
[1.685s] Invoked command in '/home/hesham/Pictures/newaction/build/minimal_publisher' returned '0': CMAKE_PREFIX_PATH=${CMAKE_PREFIX_PATH}:/opt/ros/foxy /usr/local/bin/cmake /home/hesham/Pictures/newaction/src/minimal_publisher -DCMAKE_INSTALL_PREFIX=/home/hesham/Pictures/newaction/install/minimal_publisher
[1.685s] Invoking command in '/home/hesham/Pictures/newaction/build/minimal_publisher': CMAKE_PREFIX_PATH=${CMAKE_PREFIX_PATH}:/opt/ros/foxy /usr/local/bin/cmake --build /home/hesham/Pictures/newaction/build/minimal_publisher -- -j20 -l20
[1.704s] [ 10%] [32mBuilding CXX object CMakeFiles/publisher_member_function.dir/main.cpp.o[0m
[1.704s] [ 20%] [32mBuilding CXX object gtest/CMakeFiles/gtest_main.dir/src/gtest_main.cc.o[0m
[1.704s] [ 30%] [32mBuilding CXX object CMakeFiles/publisher_member_function.dir/member_function.cpp.o[0m
[1.705s] [ 40%] [32mBuilding CXX object gtest/CMakeFiles/gtest.dir/src/gtest-all.cc.o[0m
[2.086s] [ 50%] [32m[1mLinking CXX static library libgtest_main.a[0m
[2.130s] [ 50%] Built target gtest_main
[3.359s] [ 60%] [32m[1mLinking CXX executable publisher_member_function[0m
[3.446s] [ 60%] Built target publisher_member_function
[3.565s] [ 70%] [32m[1mLinking CXX static library libgtest.a[0m
[3.620s] [ 70%] Built target gtest
[3.628s] [ 80%] [32mBuilding CXX object CMakeFiles/minimal_publisher_test.dir/test/test_simple_publisher.cpp.o[0m
[3.628s] [ 90%] [32mBuilding CXX object CMakeFiles/minimal_publisher_test.dir/member_function.cpp.o[0m
[3.702s] [01m[K/home/hesham/Pictures/newaction/src/minimal_publisher/test/test_simple_publisher.cpp:4:10:[m[K [01;31m[Kfatal error: [m[Kmember_function.hh: No such file or directory
[3.702s]     4 | #include [01;31m[K<member_function.hh>[m[K
[3.702s]       |          [01;31m[K^~~~~~~~~~~~~~~~~~~~[m[K
[3.702s] compilation terminated.
[3.704s] make[2]: *** [CMakeFiles/minimal_publisher_test.dir/build.make:76: CMakeFiles/minimal_publisher_test.dir/test/test_simple_publisher.cpp.o] Error 1
[3.704s] make[2]: *** Waiting for unfinished jobs....
[5.116s] make[1]: *** [CMakeFiles/Makefile2:184: CMakeFiles/minimal_publisher_test.dir/all] Error 2
[5.116s] make: *** [Makefile:146: all] Error 2
[5.118s] Invoked command in '/home/hesham/Pictures/newaction/build/minimal_publisher' returned '2': CMAKE_PREFIX_PATH=${CMAKE_PREFIX_PATH}:/opt/ros/foxy /usr/local/bin/cmake --build /home/hesham/Pictures/newaction/build/minimal_publisher -- -j20 -l20
