[0.039s] Invoking command in '/home/hesham/Pictures/newaction/build/examples_rclcpp_minimal_publisher': CMAKE_PREFIX_PATH=/opt/ros/foxy /usr/local/bin/cmake --build /home/hesham/Pictures/newaction/build/examples_rclcpp_minimal_publisher -- -j20 -l20
[0.063s] [ 22%] Built target gtest_main
[0.063s] [ 44%] Built target gtest
[0.065s] [ 66%] Built target publisher_member_function
[0.079s] [ 77%] [32m[1mLinking CXX executable examples_rclcpp_minimal_publisher_test_simple_publisher[0m
[0.241s] /usr/bin/ld: CMakeFiles/examples_rclcpp_minimal_publisher_test_simple_publisher.dir/test/test_simple_publisher.cpp.o: in function `void __gnu_cxx::new_allocator<MinimalPublisher>::construct<MinimalPublisher>(MinimalPublisher*)':
[0.241s] test_simple_publisher.cpp:(.text._ZN9__gnu_cxx13new_allocatorI16MinimalPublisherE9constructIS1_JEEEvPT_DpOT0_[_ZN9__gnu_cxx13new_allocatorI16MinimalPublisherE9constructIS1_JEEEvPT_DpOT0_]+0x31): undefined reference to `MinimalPublisher::MinimalPublisher()'
[0.241s] collect2: error: ld returned 1 exit status
[0.242s] make[2]: *** [CMakeFiles/examples_rclcpp_minimal_publisher_test_simple_publisher.dir/build.make:162: examples_rclcpp_minimal_publisher_test_simple_publisher] Error 1
[0.242s] make[1]: *** [CMakeFiles/Makefile2:184: CMakeFiles/examples_rclcpp_minimal_publisher_test_simple_publisher.dir/all] Error 2
[0.242s] make: *** [Makefile:146: all] Error 2
[0.244s] Invoked command in '/home/hesham/Pictures/newaction/build/examples_rclcpp_minimal_publisher' returned '2': CMAKE_PREFIX_PATH=/opt/ros/foxy /usr/local/bin/cmake --build /home/hesham/Pictures/newaction/build/examples_rclcpp_minimal_publisher -- -j20 -l20
