[0.000000] (-) TimerEvent: {}
[0.000108] (minimal_publisher) JobQueued: {'identifier': 'minimal_publisher', 'dependencies': OrderedDict([('minimal_publisher', '/home/hesham/Pictures/newaction/install/minimal_publisher')])}
[0.000128] (minimal_publisher) JobStarted: {'identifier': 'minimal_publisher'}
[0.042454] (minimal_publisher) Command: {'cmd': ['/usr/local/bin/ctest', '-C', 'Release', '-D', 'ExperimentalTest', '--no-compress-output', '-V', '--force-new-ctest-process'], 'cwd': '/home/hesham/Pictures/newaction/build/minimal_publisher', 'env': OrderedDict([('GJS_DEBUG_TOPICS', 'JS ERROR;JS LOG'), ('LESSOPEN', '| /usr/bin/lesspipe %s'), ('USER', 'hesham'), ('LC_TIME', 'ar_EG.UTF-8'), ('GIO_MODULE_DIR', '/home/hesham/snap/code/common/.cache/gio-modules'), ('SSH_AGENT_PID', '4782'), ('XDG_SESSION_TYPE', 'x11'), ('GIT_ASKPASS', '/snap/code/165/usr/share/code/resources/app/extensions/git/dist/askpass.sh'), ('GTK_EXE_PREFIX_VSCODE_SNAP_ORIG', ''), ('GDK_BACKEND_VSCODE_SNAP_ORIG', ''), ('SHLVL', '1'), ('LD_LIBRARY_PATH', '/usr/lib/x86_64-linux-gnu/gazebo-11/plugins:/opt/ros/foxy/opt/yaml_cpp_vendor/lib:/opt/ros/foxy/opt/rviz_ogre_vendor/lib:/opt/ros/foxy/lib/x86_64-linux-gnu:/opt/ros/foxy/lib'), ('HOME', '/home/hesham'), ('CHROME_DESKTOP', 'code-url-handler.desktop'), ('LOCPATH_VSCODE_SNAP_ORIG', ''), ('TERM_PROGRAM_VERSION', '1.92.0'), ('DESKTOP_SESSION', 'ubuntu'), ('GTK_PATH', '/snap/code/165/usr/lib/x86_64-linux-gnu/gtk-3.0'), ('GTK_IM_MODULE_FILE', '/home/hesham/snap/code/common/.cache/immodules/immodules.cache'), ('GIO_LAUNCHED_DESKTOP_FILE', '/var/lib/snapd/desktop/applications/code_code.desktop'), ('ROS_PYTHON_VERSION', '3'), ('GNOME_SHELL_SESSION_MODE', 'ubuntu'), ('GTK_MODULES', 'gail:atk-bridge'), ('GSETTINGS_SCHEMA_DIR_VSCODE_SNAP_ORIG', ''), ('VSCODE_GIT_ASKPASS_MAIN', '/snap/code/165/usr/share/code/resources/app/extensions/git/dist/askpass-main.js'), ('LC_MONETARY', 'ar_EG.UTF-8'), ('VSCODE_GIT_ASKPASS_NODE', '/snap/code/165/usr/share/code/code'), ('MANAGERPID', '4368'), ('DBUS_SESSION_BUS_ADDRESS', 'unix:path=/run/user/1000/bus'), ('COLORTERM', 'truecolor'), ('GIO_LAUNCHED_DESKTOP_FILE_PID', '7651'), ('IM_CONFIG_PHASE', '1'), ('COLCON_PREFIX_PATH', '/home/hesham/Pictures/newaction/install'), ('ROS_DISTRO', 'foxy'), ('LOGNAME', 'hesham'), ('JOURNAL_STREAM', '8:94283'), ('_', '/usr/bin/colcon'), ('ROS_VERSION', '2'), ('XDG_CONFIG_DIRS_VSCODE_SNAP_ORIG', '/etc/xdg/xdg-ubuntu:/etc/xdg'), ('XDG_SESSION_CLASS', 'user'), ('XDG_DATA_DIRS_VSCODE_SNAP_ORIG', '/usr/share/ubuntu:/home/hesham/.local/share/flatpak/exports/share:/var/lib/flatpak/exports/share:/usr/local/share/:/usr/share/:/var/lib/snapd/desktop'), ('USERNAME', 'hesham'), ('TERM', 'xterm-256color'), ('GAZEBO_MODEL_PATH', ':/opt/ros/foxy/share/turtlebot3_gazebo/models:/opt/ros/foxy/share/turtlebot3_gazebo/models'), ('GNOME_DESKTOP_SESSION_ID', 'this-is-deprecated'), ('ROS_LOCALHOST_ONLY', '0'), ('WINDOWPATH', '2'), ('PATH', '/home/hesham/.local/bin:/opt/ros/foxy/bin:/home/hesham/.local/bin:/usr/local/sbin:/usr/local/bin:/usr/sbin:/usr/bin:/sbin:/bin:/usr/games:/usr/local/games:/snap/bin:/home/hesham/mybin:/home/hesham/mybin'), ('SESSION_MANAGER', 'local/heshamwakeb:@/tmp/.ICE-unix/4819,unix/heshamwakeb:/tmp/.ICE-unix/4819'), ('GTK_EXE_PREFIX', '/snap/code/165/usr'), ('INVOCATION_ID', '870023f6f2174cb086272c3bc62445d6'), ('XDG_MENU_PREFIX', 'gnome-'), ('LC_ADDRESS', 'ar_EG.UTF-8'), ('BAMF_DESKTOP_FILE_HINT', '/var/lib/snapd/desktop/applications/code_code.desktop'), ('XDG_RUNTIME_DIR', '/run/user/1000'), ('GDK_BACKEND', 'x11'), ('DISPLAY', ':1'), ('LOCPATH', '/snap/code/165/usr/lib/locale'), ('LANG', 'en_US.UTF-8'), ('XDG_CURRENT_DESKTOP', 'Unity'), ('LC_TELEPHONE', 'ar_EG.UTF-8'), ('GIO_MODULE_DIR_VSCODE_SNAP_ORIG', ''), ('XMODIFIERS', '@im=ibus'), ('XDG_SESSION_DESKTOP', 'ubuntu'), ('XAUTHORITY', '/run/user/1000/gdm/Xauthority'), ('LS_COLORS', 'rs=0:di=01;34:ln=01;36:mh=00:pi=40;33:so=01;35:do=01;35:bd=40;33;01:cd=40;33;01:or=40;31;01:mi=00:su=37;41:sg=30;43:ca=30;41:tw=30;42:ow=34;42:st=37;44:ex=01;32:*.tar=01;31:*.tgz=01;31:*.arc=01;31:*.arj=01;31:*.taz=01;31:*.lha=01;31:*.lz4=01;31:*.lzh=01;31:*.lzma=01;31:*.tlz=01;31:*.txz=01;31:*.tzo=01;31:*.t7z=01;31:*.zip=01;31:*.z=01;31:*.dz=01;31:*.gz=01;31:*.lrz=01;31:*.lz=01;31:*.lzo=01;31:*.xz=01;31:*.zst=01;31:*.tzst=01;31:*.bz2=01;31:*.bz=01;31:*.tbz=01;31:*.tbz2=01;31:*.tz=01;31:*.deb=01;31:*.rpm=01;31:*.jar=01;31:*.war=01;31:*.ear=01;31:*.sar=01;31:*.rar=01;31:*.alz=01;31:*.ace=01;31:*.zoo=01;31:*.cpio=01;31:*.7z=01;31:*.rz=01;31:*.cab=01;31:*.wim=01;31:*.swm=01;31:*.dwm=01;31:*.esd=01;31:*.jpg=01;35:*.jpeg=01;35:*.mjpg=01;35:*.mjpeg=01;35:*.gif=01;35:*.bmp=01;35:*.pbm=01;35:*.pgm=01;35:*.ppm=01;35:*.tga=01;35:*.xbm=01;35:*.xpm=01;35:*.tif=01;35:*.tiff=01;35:*.png=01;35:*.svg=01;35:*.svgz=01;35:*.mng=01;35:*.pcx=01;35:*.mov=01;35:*.mpg=01;35:*.mpeg=01;35:*.m2v=01;35:*.mkv=01;35:*.webm=01;35:*.ogm=01;35:*.mp4=01;35:*.m4v=01;35:*.mp4v=01;35:*.vob=01;35:*.qt=01;35:*.nuv=01;35:*.wmv=01;35:*.asf=01;35:*.rm=01;35:*.rmvb=01;35:*.flc=01;35:*.avi=01;35:*.fli=01;35:*.flv=01;35:*.gl=01;35:*.dl=01;35:*.xcf=01;35:*.xwd=01;35:*.yuv=01;35:*.cgm=01;35:*.emf=01;35:*.ogv=01;35:*.ogx=01;35:*.aac=00;36:*.au=00;36:*.flac=00;36:*.m4a=00;36:*.mid=00;36:*.midi=00;36:*.mka=00;36:*.mp3=00;36:*.mpc=00;36:*.ogg=00;36:*.ra=00;36:*.wav=00;36:*.oga=00;36:*.opus=00;36:*.spx=00;36:*.xspf=00;36:'), ('VSCODE_GIT_IPC_HANDLE', '/run/user/1000/vscode-git-68b983684d.sock'), ('TERM_PROGRAM', 'vscode'), ('SSH_AUTH_SOCK', '/tmp/ssh-4Ke4GvdMiB0I/agent.4706'), ('GSETTINGS_SCHEMA_DIR', '/home/hesham/snap/code/165/.local/share/glib-2.0/schemas'), ('AMENT_PREFIX_PATH', '/home/hesham/Pictures/newaction/install/minimal_publisher:/home/hesham/Pictures/newaction/install/examples_rclcpp_minimal_publisher:/opt/ros/foxy'), ('ORIGINAL_XDG_CURRENT_DESKTOP', 'ubuntu:GNOME'), ('SHELL', '/bin/bash'), ('LC_NAME', 'ar_EG.UTF-8'), ('QT_ACCESSIBILITY', '1'), ('GDMSESSION', 'ubuntu'), ('LESSCLOSE', '/usr/bin/lesspipe %s %s'), ('GTK_PATH_VSCODE_SNAP_ORIG', ''), ('GTK_IM_MODULE_FILE_VSCODE_SNAP_ORIG', ''), ('LC_MEASUREMENT', 'ar_EG.UTF-8'), ('GPG_AGENT_INFO', '/run/user/1000/gnupg/S.gpg-agent:0:1'), ('GJS_DEBUG_OUTPUT', 'stderr'), ('LC_IDENTIFICATION', 'ar_EG.UTF-8'), ('VSCODE_GIT_ASKPASS_EXTRA_ARGS', ''), ('QT_IM_MODULE', 'ibus'), ('PWD', '/home/hesham/Pictures/newaction/build/minimal_publisher'), ('TURTLEBOT3_MODEL', 'waffle'), ('LC_ALL', 'en_US.UTF-8'), ('XDG_CONFIG_DIRS', '/etc/xdg/xdg-ubuntu:/etc/xdg'), ('XDG_DATA_DIRS', '/home/hesham/snap/code/165/.local/share:/home/hesham/snap/code/165:/snap/code/165/usr/share:/usr/share/ubuntu:/home/hesham/.local/share/flatpak/exports/share:/var/lib/flatpak/exports/share:/usr/local/share/:/usr/share/:/var/lib/snapd/desktop'), ('PYTHONPATH', '/opt/ros/foxy/lib/python3.8/site-packages'), ('LC_NUMERIC', 'ar_EG.UTF-8'), ('LC_PAPER', 'ar_EG.UTF-8'), ('COLCON', '1'), ('CMAKE_PREFIX_PATH', '/home/hesham/Pictures/newaction/install/minimal_publisher:/home/hesham/Pictures/newaction/install/examples_rclcpp_minimal_publisher')]), 'shell': False}
[0.046142] (minimal_publisher) StdoutLine: {'line': b'UpdateCTestConfiguration  from :/home/hesham/Pictures/newaction/build/minimal_publisher/CTestConfiguration.ini\n'}
[0.046211] (minimal_publisher) StdoutLine: {'line': b'Parse Config file:/home/hesham/Pictures/newaction/build/minimal_publisher/CTestConfiguration.ini\n'}
[0.046243] (minimal_publisher) StdoutLine: {'line': b'   Site: heshamwakeb\n'}
[0.046273] (minimal_publisher) StdoutLine: {'line': b'   Build name: (empty)\n'}
[0.046406] (minimal_publisher) StdoutLine: {'line': b' Add coverage exclude regular expressions.\n'}
[0.046476] (minimal_publisher) StdoutLine: {'line': b'Create new tag: 20240805-0811 - Experimental\n'}
[0.046510] (minimal_publisher) StdoutLine: {'line': b'UpdateCTestConfiguration  from :/home/hesham/Pictures/newaction/build/minimal_publisher/CTestConfiguration.ini\n'}
[0.046538] (minimal_publisher) StdoutLine: {'line': b'Parse Config file:/home/hesham/Pictures/newaction/build/minimal_publisher/CTestConfiguration.ini\n'}
[0.046565] (minimal_publisher) StdoutLine: {'line': b'Test project /home/hesham/Pictures/newaction/build/minimal_publisher\n'}
[0.046593] (minimal_publisher) StdoutLine: {'line': b'Constructing a list of tests\n'}
[0.046833] (minimal_publisher) StdoutLine: {'line': b'Done constructing a list of tests\n'}
[0.046908] (minimal_publisher) StdoutLine: {'line': b'Updating test list for fixtures\n'}
[0.046944] (minimal_publisher) StdoutLine: {'line': b'Added 0 tests to meet fixture requirements\n'}
[0.046975] (minimal_publisher) StdoutLine: {'line': b'Checking test dependency graph...\n'}
[0.047003] (minimal_publisher) StdoutLine: {'line': b'Checking test dependency graph end\n'}
[0.047032] (minimal_publisher) StdoutLine: {'line': b'test 1\n'}
[0.047065] (minimal_publisher) StdoutLine: {'line': b'    Start 1: minimal_publisher_test\n'}
[0.047095] (minimal_publisher) StdoutLine: {'line': b'\n'}
[0.047124] (minimal_publisher) StdoutLine: {'line': b'1: Test command: /usr/bin/python3 "-u" "/opt/ros/foxy/share/ament_cmake_test/cmake/run_test.py" "/home/hesham/Pictures/newaction/build/minimal_publisher/test_results/minimal_publisher/minimal_publisher_test.gtest.xml" "--package-name" "minimal_publisher" "--output-file" "/home/hesham/Pictures/newaction/build/minimal_publisher/ament_cmake_gtest/minimal_publisher_test.txt" "--command" "/home/hesham/Pictures/newaction/build/minimal_publisher/minimal_publisher_test" "--gtest_output=xml:/home/hesham/Pictures/newaction/build/minimal_publisher/test_results/minimal_publisher/minimal_publisher_test.gtest.xml"\n'}
[0.047159] (minimal_publisher) StdoutLine: {'line': b'1: Working Directory: /home/hesham/Pictures/newaction/build/minimal_publisher\n'}
[0.047187] (minimal_publisher) StdoutLine: {'line': b'1: Test timeout computed to be: 60\n'}
[0.077583] (minimal_publisher) StdoutLine: {'line': b"1: -- run_test.py: invoking following command in '/home/hesham/Pictures/newaction/build/minimal_publisher':\n"}
[0.077716] (minimal_publisher) StdoutLine: {'line': b'1:  - /home/hesham/Pictures/newaction/build/minimal_publisher/minimal_publisher_test --gtest_output=xml:/home/hesham/Pictures/newaction/build/minimal_publisher/test_results/minimal_publisher/minimal_publisher_test.gtest.xml\n'}
[0.080186] (minimal_publisher) StdoutLine: {'line': b'1: [==========] Running 1 test from 1 test case.\n'}
[0.080277] (minimal_publisher) StdoutLine: {'line': b'1: [----------] Global test environment set-up.\n'}
[0.080309] (minimal_publisher) StdoutLine: {'line': b'1: [----------] 1 test from TestSimplePublisher\n'}
[0.080336] (minimal_publisher) StdoutLine: {'line': b'1: [ RUN      ] TestSimplePublisher.TestPublishMessage\n'}
[0.088412] (minimal_publisher) StdoutLine: {'line': b'1: here\n'}
[0.088492] (minimal_publisher) StdoutLine: {'line': b"1: [INFO] [1722845470.340536815] [minimal_publisher]: Publishing: 'Hello, ROS 2!'\n"}
[0.088588] (minimal_publisher) StdoutLine: {'line': b'1: /home/hesham/Pictures/newaction/src/minimal_publisher/test/test_simple_publisher.cpp:38: Failure\n'}
[0.088702] (minimal_publisher) StdoutLine: {'line': b'1: Expected equality of these values:\n'}
[0.088735] (minimal_publisher) StdoutLine: {'line': b'1:   received_message_\n'}
[0.088764] (minimal_publisher) StdoutLine: {'line': b'1:     Which is: "Hello, ROS 2!"\n'}
[0.088793] (minimal_publisher) StdoutLine: {'line': b'1:   "Hello, ROS 1!"\n'}
[0.090410] (minimal_publisher) StdoutLine: {'line': b'1: [  FAILED  ] TestSimplePublisher.TestPublishMessage (11 ms)\n'}
[0.090452] (minimal_publisher) StdoutLine: {'line': b'1: [----------] 1 test from TestSimplePublisher (11 ms total)\n'}
[0.090482] (minimal_publisher) StdoutLine: {'line': b'1: \n'}
[0.090512] (minimal_publisher) StdoutLine: {'line': b'1: [----------] Global test environment tear-down\n'}
[0.090580] (minimal_publisher) StdoutLine: {'line': b'1: [==========] 1 test from 1 test case ran. (11 ms total)\n'}
[0.090614] (minimal_publisher) StdoutLine: {'line': b'1: [  PASSED  ] 0 tests.\n'}
[0.090645] (minimal_publisher) StdoutLine: {'line': b'1: [  FAILED  ] 1 test, listed below:\n'}
[0.090675] (minimal_publisher) StdoutLine: {'line': b'1: [  FAILED  ] TestSimplePublisher.TestPublishMessage\n'}
[0.090730] (minimal_publisher) StdoutLine: {'line': b'1: \n'}
[0.090764] (minimal_publisher) StdoutLine: {'line': b'1:  1 FAILED TEST\n'}
[0.091334] (-) TimerEvent: {}
[0.091452] (minimal_publisher) StdoutLine: {'line': b'1: -- run_test.py: return code 1\n'}
[0.091606] (minimal_publisher) StdoutLine: {'line': b"1: -- run_test.py: inject classname prefix into gtest result file '/home/hesham/Pictures/newaction/build/minimal_publisher/test_results/minimal_publisher/minimal_publisher_test.gtest.xml'\n"}
[0.091666] (minimal_publisher) StdoutLine: {'line': b"1: -- run_test.py: verify result file '/home/hesham/Pictures/newaction/build/minimal_publisher/test_results/minimal_publisher/minimal_publisher_test.gtest.xml'\n"}
[0.096941] (minimal_publisher) StdoutLine: {'line': b'1/1 Test #1: minimal_publisher_test ...........***Failed    0.05 sec\n'}
[0.097116] (minimal_publisher) StdoutLine: {'line': b'\n'}
[0.097182] (minimal_publisher) StdoutLine: {'line': b'0% tests passed\x1b[0;0m, \x1b[0;31m1 tests failed\x1b[0;0m out of 1\n'}
[0.097269] (minimal_publisher) StdoutLine: {'line': b'\n'}
[0.097306] (minimal_publisher) StdoutLine: {'line': b'Label Time Summary:\n'}
[0.097338] (minimal_publisher) StdoutLine: {'line': b'gtest    =   0.05 sec*proc (1 test)\n'}
[0.097369] (minimal_publisher) StdoutLine: {'line': b'\n'}
[0.097401] (minimal_publisher) StdoutLine: {'line': b'Total Test time (real) =   0.05 sec\n'}
[0.097458] (minimal_publisher) StdoutLine: {'line': b'\n'}
[0.097493] (minimal_publisher) StdoutLine: {'line': b'The following tests FAILED:\n'}
[0.097521] (minimal_publisher) StdoutLine: {'line': b'\t\x1b[0;31m  1 - minimal_publisher_test (Failed)\x1b[0;0m\n'}
[0.118436] (minimal_publisher) StderrLine: {'line': b'Errors while running CTest\n'}
[0.118681] (minimal_publisher) StderrLine: {'line': b'Output from these tests are in: /home/hesham/Pictures/newaction/build/minimal_publisher/Testing/Temporary/LastTest.log\n'}
[0.118775] (minimal_publisher) StderrLine: {'line': b'Use "--rerun-failed --output-on-failure" to re-run the failed cases verbosely.\n'}
[0.120640] (minimal_publisher) CommandEnded: {'returncode': 8}
[0.121730] (minimal_publisher) TestFailure: {'identifier': 'minimal_publisher'}
[0.121773] (minimal_publisher) JobEnded: {'identifier': 'minimal_publisher', 'rc': 0}
[0.122170] (-) EventReactorShutdown: {}
