[0.052s] Invoking command in '/home/hesham/Pictures/newaction/build/examples_rclcpp_minimal_publisher': /usr/local/bin/ctest -C Release -D ExperimentalTest --no-compress-output -V --force-new-ctest-process
[0.057s] UpdateCTestConfiguration  from :/home/hesham/Pictures/newaction/build/examples_rclcpp_minimal_publisher/CTestConfiguration.ini
[0.057s] Parse Config file:/home/hesham/Pictures/newaction/build/examples_rclcpp_minimal_publisher/CTestConfiguration.ini
[0.057s]    Site: heshamwakeb
[0.057s]    Build name: (empty)
[0.057s]  Add coverage exclude regular expressions.
[0.057s] Create new tag: 20240805-0726 - Experimental
[0.057s] UpdateCTestConfiguration  from :/home/hesham/Pictures/newaction/build/examples_rclcpp_minimal_publisher/CTestConfiguration.ini
[0.057s] Parse Config file:/home/hesham/Pictures/newaction/build/examples_rclcpp_minimal_publisher/CTestConfiguration.ini
[0.057s] Test project /home/hesham/Pictures/newaction/build/examples_rclcpp_minimal_publisher
[0.057s] Constructing a list of tests
[0.057s] Done constructing a list of tests
[0.057s] Updating test list for fixtures
[0.057s] Added 0 tests to meet fixture requirements
[0.057s] Checking test dependency graph...
[0.057s] Checking test dependency graph end
[0.057s] test 1
[0.057s]     Start 1: examples_rclcpp_minimal_publisher_test_simple_publisher
[0.057s] 
[0.058s] 1: Test command: /usr/bin/python3 "-u" "/opt/ros/foxy/share/ament_cmake_test/cmake/run_test.py" "/home/hesham/Pictures/newaction/build/examples_rclcpp_minimal_publisher/test_results/examples_rclcpp_minimal_publisher/examples_rclcpp_minimal_publisher_test_simple_publisher.gtest.xml" "--package-name" "examples_rclcpp_minimal_publisher" "--output-file" "/home/hesham/Pictures/newaction/build/examples_rclcpp_minimal_publisher/ament_cmake_gtest/examples_rclcpp_minimal_publisher_test_simple_publisher.txt" "--command" "/home/hesham/Pictures/newaction/build/examples_rclcpp_minimal_publisher/examples_rclcpp_minimal_publisher_test_simple_publisher" "--gtest_output=xml:/home/hesham/Pictures/newaction/build/examples_rclcpp_minimal_publisher/test_results/examples_rclcpp_minimal_publisher/examples_rclcpp_minimal_publisher_test_simple_publisher.gtest.xml"
[0.058s] 1: Working Directory: /home/hesham/Pictures/newaction/build/examples_rclcpp_minimal_publisher
[0.058s] 1: Test timeout computed to be: 60
[0.088s] 1: -- run_test.py: invoking following command in '/home/hesham/Pictures/newaction/build/examples_rclcpp_minimal_publisher':
[0.088s] 1:  - /home/hesham/Pictures/newaction/build/examples_rclcpp_minimal_publisher/examples_rclcpp_minimal_publisher_test_simple_publisher --gtest_output=xml:/home/hesham/Pictures/newaction/build/examples_rclcpp_minimal_publisher/test_results/examples_rclcpp_minimal_publisher/examples_rclcpp_minimal_publisher_test_simple_publisher.gtest.xml
[0.091s] 1: [==========] Running 1 test from 1 test case.
[0.091s] 1: [----------] Global test environment set-up.
[0.091s] 1: [----------] 1 test from TestSimplePublisher
[0.091s] 1: [ RUN      ] TestSimplePublisher.TestPublishMessage
[0.107s] 1: here
[0.108s] 1: /home/hesham/Pictures/newaction/src/minimal_publisher/test/test_simple_publisher.cpp:39: Failure
[0.108s] 1: Value of: received_
[0.108s] 1:   Actual: false
[0.108s] 1: Expected: true
[0.108s] 1: /home/hesham/Pictures/newaction/src/minimal_publisher/test/test_simple_publisher.cpp:40: Failure
[0.108s] 1: Expected equality of these values:
[0.108s] 1:   received_message_
[0.108s] 1:     Which is: ""
[0.108s] 1:   "Hello, ROS 2!"
[0.110s] 1: [  FAILED  ] TestSimplePublisher.TestPublishMessage (19 ms)
[0.110s] 1: [----------] 1 test from TestSimplePublisher (19 ms total)
[0.110s] 1: 
[0.110s] 1: [----------] Global test environment tear-down
[0.110s] 1: [==========] 1 test from 1 test case ran. (19 ms total)
[0.110s] 1: [  PASSED  ] 0 tests.
[0.110s] 1: [  FAILED  ] 1 test, listed below:
[0.110s] 1: [  FAILED  ] TestSimplePublisher.TestPublishMessage
[0.110s] 1: 
[0.110s] 1:  1 FAILED TEST
[0.111s] 1: -- run_test.py: return code 1
[0.111s] 1: -- run_test.py: inject classname prefix into gtest result file '/home/hesham/Pictures/newaction/build/examples_rclcpp_minimal_publisher/test_results/examples_rclcpp_minimal_publisher/examples_rclcpp_minimal_publisher_test_simple_publisher.gtest.xml'
[0.111s] 1: -- run_test.py: verify result file '/home/hesham/Pictures/newaction/build/examples_rclcpp_minimal_publisher/test_results/examples_rclcpp_minimal_publisher/examples_rclcpp_minimal_publisher_test_simple_publisher.gtest.xml'
[0.117s] 1/1 Test #1: examples_rclcpp_minimal_publisher_test_simple_publisher ...***Failed    0.06 sec
[0.117s] 
[0.117s] 0% tests passed[0;0m, [0;31m1 tests failed[0;0m out of 1
[0.117s] 
[0.117s] Label Time Summary:
[0.117s] gtest    =   0.06 sec*proc (1 test)
[0.117s] 
[0.117s] Total Test time (real) =   0.06 sec
[0.117s] 
[0.117s] The following tests FAILED:
[0.117s] 	[0;31m  1 - examples_rclcpp_minimal_publisher_test_simple_publisher (Failed)[0;0m
[0.144s] Errors while running CTest
[0.144s] Output from these tests are in: /home/hesham/Pictures/newaction/build/examples_rclcpp_minimal_publisher/Testing/Temporary/LastTest.log
[0.144s] Use "--rerun-failed --output-on-failure" to re-run the failed cases verbosely.
[0.147s] Invoked command in '/home/hesham/Pictures/newaction/build/examples_rclcpp_minimal_publisher' returned '8': /usr/local/bin/ctest -C Release -D ExperimentalTest --no-compress-output -V --force-new-ctest-process
