[ 25%] Built target gtest_main
[ 50%] Built target gtest
[ 75%] Built target publisher_member_function
[ 87%] [32mBuilding CXX object CMakeFiles/examples_rclcpp_minimal_publisher_test_simple_publisher.dir/test/test_simple_publisher.cpp.o[0m
[01m[K/home/hesham/Pictures/newaction/src/minimal_publisher/test/test_simple_publisher.cpp:[m[K In member function â€˜[01m[Kvirtual void TestSimplePublisher_TestPublishMessage_Test::TestBody()[m[Kâ€™:
[01m[K/home/hesham/Pictures/newaction/src/minimal_publisher/test/test_simple_publisher.cpp:32:34:[m[K [01;31m[Kerror: [m[Kâ€˜[01m[KMinimalPublisher[m[Kâ€™ was not declared in this scope; did you mean â€˜[01m[KTestSimplePublisher[m[Kâ€™?
   32 |     auto node = std::make_shared<[01;31m[KMinimalPublisher[m[K>("dummy_node");
      |                                  [01;31m[K^~~~~~~~~~~~~~~~[m[K
      |                                  [32m[KTestSimplePublisher[m[K
[01m[K/home/hesham/Pictures/newaction/src/minimal_publisher/test/test_simple_publisher.cpp:32:64:[m[K [01;31m[Kerror: [m[Kno matching function for call to â€˜[01m[Kmake_shared<<expression error> >(const char [11])[m[Kâ€™
   32 |     auto node = std::make_shared<MinimalPublisher>("dummy_node"[01;31m[K)[m[K;
      |                                                                [01;31m[K^[m[K
In file included from [01m[K/usr/include/c++/9/memory:81[m[K,
                 from [01m[K/opt/ros/foxy/src/gtest_vendor/include/gtest/gtest.h:56[m[K,
                 from [01m[K/home/hesham/Pictures/newaction/src/minimal_publisher/test/test_simple_publisher.cpp:1[m[K:
[01m[K/usr/include/c++/9/bits/shared_ptr.h:714:5:[m[K [01;36m[Knote: [m[Kcandidate: â€˜[01m[Ktemplate<class _Tp, class ... _Args> std::shared_ptr<_Tp> std::make_shared(_Args&& ...)[m[Kâ€™
  714 |     [01;36m[Kmake_shared[m[K(_Args&&... __args)
      |     [01;36m[K^~~~~~~~~~~[m[K
[01m[K/usr/include/c++/9/bits/shared_ptr.h:714:5:[m[K [01;36m[Knote: [m[K  template argument deduction/substitution failed:
[01m[K/home/hesham/Pictures/newaction/src/minimal_publisher/test/test_simple_publisher.cpp:32:64:[m[K [01;31m[Kerror: [m[Ktemplate argument 1 is invalid
   32 |     auto node = std::make_shared<MinimalPublisher>("dummy_node"[01;31m[K)[m[K;
      |                                                                [01;31m[K^[m[K
make[2]: *** [CMakeFiles/examples_rclcpp_minimal_publisher_test_simple_publisher.dir/build.make:76: CMakeFiles/examples_rclcpp_minimal_publisher_test_simple_publisher.dir/test/test_simple_publisher.cpp.o] Error 1
make[1]: *** [CMakeFiles/Makefile2:184: CMakeFiles/examples_rclcpp_minimal_publisher_test_simple_publisher.dir/all] Error 2
make: *** [Makefile:146: all] Error 2
