[0.037s] Invoking command in '/home/hesham/Pictures/newaction/build/examples_rclcpp_minimal_publisher': CMAKE_PREFIX_PATH=/opt/ros/foxy /usr/local/bin/cmake --build /home/hesham/Pictures/newaction/build/examples_rclcpp_minimal_publisher -- -j20 -l20
[0.059s] [ 22%] Built target gtest_main
[0.059s] [ 44%] Built target gtest
[0.063s] [ 66%] Built target publisher_member_function
[0.075s] [ 77%] [32mBuilding CXX object CMakeFiles/examples_rclcpp_minimal_publisher_test_simple_publisher.dir/test/test_simple_publisher.cpp.o[0m
[2.991s] [ 88%] [32m[1mLinking CXX executable examples_rclcpp_minimal_publisher_test_simple_publisher[0m
[3.152s] /usr/bin/ld: CMakeFiles/examples_rclcpp_minimal_publisher_test_simple_publisher.dir/test/test_simple_publisher.cpp.o: in function `void __gnu_cxx::new_allocator<MinimalPublisher>::construct<MinimalPublisher>(MinimalPublisher*)':
[3.152s] test_simple_publisher.cpp:(.text._ZN9__gnu_cxx13new_allocatorI16MinimalPublisherE9constructIS1_JEEEvPT_DpOT0_[_ZN9__gnu_cxx13new_allocatorI16MinimalPublisherE9constructIS1_JEEEvPT_DpOT0_]+0x31): undefined reference to `MinimalPublisher::MinimalPublisher()'
[3.152s] collect2: error: ld returned 1 exit status
[3.153s] make[2]: *** [CMakeFiles/examples_rclcpp_minimal_publisher_test_simple_publisher.dir/build.make:162: examples_rclcpp_minimal_publisher_test_simple_publisher] Error 1
[3.153s] make[1]: *** [CMakeFiles/Makefile2:184: CMakeFiles/examples_rclcpp_minimal_publisher_test_simple_publisher.dir/all] Error 2
[3.153s] make: *** [Makefile:146: all] Error 2
[3.154s] Invoked command in '/home/hesham/Pictures/newaction/build/examples_rclcpp_minimal_publisher' returned '2': CMAKE_PREFIX_PATH=/opt/ros/foxy /usr/local/bin/cmake --build /home/hesham/Pictures/newaction/build/examples_rclcpp_minimal_publisher -- -j20 -l20
